Arguments: 
  C:\Program Files\nodejs\node.exe C:\Users\User\AppData\Roaming\npm\node_modules\yarn\bin\yarn.js add eslint-config-react-app@6

PATH: 
  C:\Program Files\Microsoft Visual Studio\2022\Community\Common7\IDE\\Extensions\Microsoft\IntelliCode\CLI;C:\Program Files\Microsoft Visual Studio\2022\Community\VC\Tools\MSVC\14.30.30705\bin\HostX86\x86;C:\Program Files\Microsoft Visual Studio\2022\Community\Common7\IDE\VC\VCPackages;C:\Program Files\Microsoft Visual Studio\2022\Community\Common7\IDE\CommonExtensions\Microsoft\TestWindow;C:\Program Files\Microsoft Visual Studio\2022\Community\Common7\IDE\CommonExtensions\Microsoft\TeamFoundation\Team Explorer;C:\Program Files\Microsoft Visual Studio\2022\Community\MSBuild\Current\bin\Roslyn;C:\Program Files\Microsoft Visual Studio\2022\Community\Team Tools\Performance Tools;C:\Program Files (x86)\Microsoft SDKs\Windows\v10.0A\bin\NETFX 4.8 Tools\;C:\Program Files\Microsoft Visual Studio\2022\Community\Common7\IDE\CommonExtensions\Microsoft\FSharp\Tools;C:\Program Files (x86)\Windows Kits\10\bin\10.0.19041.0\\x86;C:\Program Files (x86)\Windows Kits\10\bin\\x86;C:\Program Files\Microsoft Visual Studio\2022\Community\\MSBuild\Current\Bin\amd64;C:\Windows\Microsoft.NET\Framework\v4.0.30319;C:\Program Files\Microsoft Visual Studio\2022\Community\Common7\IDE\;C:\Program Files\Microsoft Visual Studio\2022\Community\Common7\Tools\;C:\Program Files\Common Files\Oracle\Java\javapath;C:\Program Files\Microsoft\jdk-11.0.12.7-hotspot\bin;C:\Windows\system32;C:\Windows;C:\Windows\System32\Wbem;C:\Windows\System32\WindowsPowerShell\v1.0\;C:\Windows\System32\OpenSSH\;C:\Program Files\Microsoft SQL Server\150\Tools\Binn\;C:\Program Files\Microsoft SQL Server\Client SDK\ODBC\170\Tools\Binn\;C:\Program Files\dotnet\;C:\WINDOWS\system32;C:\WINDOWS;C:\WINDOWS\System32\Wbem;C:\WINDOWS\System32\WindowsPowerShell\v1.0\;C:\WINDOWS\System32\OpenSSH\;C:\Program Files (x86)\NVIDIA Corporation\PhysX\Common;C:\Program Files\NVIDIA Corporation\NVIDIA NvDLISR;C:\Program Files (x86)\PuTTY\;C:\Program Files\nodejs\;C:\Program Files\Git\cmd;C:\Users\User\AppData\Local\Microsoft\WindowsApps;C:\Users\User\.dotnet\tools;C:\Users\User\AppData\Roaming\npm;C:\Program Files\Microsoft Visual Studio\2022\Community\Common7\IDE\CommonExtensions\Microsoft\CMake\CMake\bin;C:\Program Files\Microsoft Visual Studio\2022\Community\Common7\IDE\CommonExtensions\Microsoft\CMake\Ninja;C:\Program Files\Microsoft Visual Studio\2022\Community\Common7\IDE\VC\Linux\bin\ConnectionManagerExe

Yarn version: 
  1.22.18

Node version: 
  16.15.0

Platform: 
  win32 x64

Trace: 
  Error: EPERM: operation not permitted, copyfile 'C:\Users\User\AppData\Local\Yarn\Cache\v6\npm-ansi-html-community-0.0.8-69fbc4d6ccbe383f9736934ae34c3f8290f1bf41-integrity\node_modules\ansi-html-community\package.json' -> 'C:\Users\User\Source\Repos\2022spring_41class_team5\frontend\node_modules\ansi-html-community\package.json'

npm manifest: 
  {
    "name": "frontend",
    "version": "0.1.0",
    "private": true,
    "dependencies": {
      "@monaco-editor/react": "^4.4.2",
      "@testing-library/jest-dom": "^5.16.4",
      "@testing-library/react": "^13.1.1",
      "@testing-library/user-event": "^13.5.0",
      "axios": "^0.27.2",
      "http-proxy-middleware": "^2.0.6",
      "react": "^18.0.0",
      "react-dom": "^18.0.0",
      "react-router-dom": "^6.3.0",
      "react-scripts": "5.0.1",
      "socket.io-client": "^4.5.0",
      "web-vitals": "^2.1.4"
    },
    "scripts": {
      "start": "react-scripts start",
      "build": "react-scripts build",
      "test": "react-scripts test",
      "eject": "react-scripts eject"
    },
    "eslintConfig": {
      "extends": [
        "react-app",
        "react-app/jest"
      ]
    },
    "browserslist": {
      "production": [
        ">0.2%",
        "not dead",
        "not op_mini all"
      ],
      "development": [
        "last 1 chrome version",
        "last 1 firefox version",
        "last 1 safari version"
      ]
    }
  }

yarn manifest: 
  No manifest

Lockfile: 
  No lockfile
